<?xml version="1.0" encoding="UTF-8"?>
<testsuite xmlns:xsi="http://www.w3.org/2001/XMLSchema-instance" xsi:noNamespaceSchemaLocation="https://maven.apache.org/surefire/maven-surefire-plugin/xsd/surefire-test-report.xsd" name="com.pftc.seleniumEasy.Runner" time="43.993" tests="18" errors="2" skipped="1" failures="0">
  <properties>
[...]
</properties>
  <testcase name="Given User Navigate to SeleniumEasy Test Home Page" classname="Scenario: Verify Single and and Multiple Checkbox Field functionality" time="0.001"/>
  <testcase name="When User Click on Input Forms hyperlink tab" classname="Scenario: Verify Single and and Multiple Checkbox Field functionality" time="0"/>
  <testcase name="Then User Click on Checkbox Demo linkText tab" classname="Scenario: Verify Single and and Multiple Checkbox Field functionality" time="0"/>
  <testcase name="And User select Single Checkbox Demo radio button" classname="Scenario: Verify Single and and Multiple Checkbox Field functionality" time="0"/>
  <testcase name="Then User click on the Check All button in Multiple Checkbox Demo section" classname="Scenario: Verify Single and and Multiple Checkbox Field functionality" time="0"/>
  <testcase name="Then User validate the Check All message changed to Uncheck All button" classname="Scenario: Verify Single and and Multiple Checkbox Field functionality" time="0"/>
  <testcase name="Scenario: Verify Single and and Multiple Checkbox Field functionality" classname="Scenario: Verify Single and and Multiple Checkbox Field functionality" time="5.071"/>
  <testcase name="Given User Navigate to SeleniumEasy Test Home Page" classname="Scenario: Verify Single and Double Input Field Functionalities" time="0"/>
  <testcase name="When User Click on Input Forms hyperlink tab" classname="Scenario: Verify Single and Double Input Field Functionalities" time="0"/>
  <testcase name="Then User Click on  Simple form Demo Hyperlink Test" classname="Scenario: Verify Single and Double Input Field Functionalities" time="0"/>
  <testcase name="Then User Enter a message in the Enter message text box" classname="Scenario: Verify Single and Double Input Field Functionalities" time="0"/>
  <testcase name="And User Click on Show Message Button" classname="Scenario: Verify Single and Double Input Field Functionalities" time="0"/>
  <testcase name="Then User Validate the Message is been displayed in the Your Message section" classname="Scenario: Verify Single and Double Input Field Functionalities" time="0"/>
  <testcase name="Then User Enter a integer value in the Enter a text box" classname="Scenario: Verify Single and Double Input Field Functionalities" time="0"/>
  <testcase name="And User Enter 2nd integer value in the Enter b text box" classname="Scenario: Verify Single and Double Input Field Functionalities" time="0"/>
  <testcase name="Then User Click on the Get Total button" classname="Scenario: Verify Single and Double Input Field Functionalities" time="0.003">
    <error message="element click intercepted: Element &lt;button type=&quot;button&quot; onclick=&quot;return total()&quot; class=&quot;btn btn-default&quot;&gt;...&lt;/button&gt; is not clickable at point (547, 908). Other element would receive the click: &lt;div id=&quot;at-cv-lightbox-inner&quot;&gt;...&lt;/div&gt;&#10;  (Session info: chrome=91.0.4472.101)&#10;Build info: version: &apos;3.141.59&apos;, revision: &apos;e82be7d358&apos;, time: &apos;2018-11-14T08:17:03&apos;&#10;System info: host: &apos;DESKTOP-UBNFFHD&apos;, ip: &apos;192.168.1.210&apos;, os.name: &apos;Windows 10&apos;, os.arch: &apos;amd64&apos;, os.version: &apos;10.0&apos;, java.version: &apos;15.0.1&apos;&#10;Driver info: org.openqa.selenium.chrome.ChromeDriver&#10;Capabilities {acceptInsecureCerts: false, browserName: chrome, browserVersion: 91.0.4472.101, chrome: {chromedriverVersion: 90.0.4430.24 (4c6d850f087da..., userDataDir: C:\Users\rahma\AppData\Loca...}, goog:chromeOptions: {debuggerAddress: localhost:56779}, javascriptEnabled: true, networkConnectionEnabled: false, pageLoadStrategy: normal, platform: WINDOWS, platformName: WINDOWS, proxy: Proxy(), setWindowRect: true, strictFileInteractability: false, timeouts: {implicit: 0, pageLoad: 300000, script: 30000}, unhandledPromptBehavior: dismiss and notify, webauthn:extension:largeBlob: true, webauthn:virtualAuthenticators: true}&#10;Session ID: f39d8ab5baf9086b7909d2f46f0282ea" type="org.openqa.selenium.ElementClickInterceptedException"><![CDATA[org.openqa.selenium.ElementClickInterceptedException: 
element click intercepted: Element <button type="button" onclick="return total()" class="btn btn-default">...</button> is not clickable at point (547, 908). Other element would receive the click: <div id="at-cv-lightbox-inner">...</div>
  (Session info: chrome=91.0.4472.101)
Build info: version: '3.141.59', revision: 'e82be7d358', time: '2018-11-14T08:17:03'
System info: host: 'DESKTOP-UBNFFHD', ip: '192.168.1.210', os.name: 'Windows 10', os.arch: 'amd64', os.version: '10.0', java.version: '15.0.1'
Driver info: org.openqa.selenium.chrome.ChromeDriver
Capabilities {acceptInsecureCerts: false, browserName: chrome, browserVersion: 91.0.4472.101, chrome: {chromedriverVersion: 90.0.4430.24 (4c6d850f087da..., userDataDir: C:\Users\rahma\AppData\Loca...}, goog:chromeOptions: {debuggerAddress: localhost:56779}, javascriptEnabled: true, networkConnectionEnabled: false, pageLoadStrategy: normal, platform: WINDOWS, platformName: WINDOWS, proxy: Proxy(), setWindowRect: true, strictFileInteractability: false, timeouts: {implicit: 0, pageLoad: 300000, script: 30000}, unhandledPromptBehavior: dismiss and notify, webauthn:extension:largeBlob: true, webauthn:virtualAuthenticators: true}
Session ID: f39d8ab5baf9086b7909d2f46f0282ea
]]></error>
  </testcase>
  <testcase name="Scenario: Verify Single and Double Input Field Functionalities" classname="Scenario: Verify Single and Double Input Field Functionalities" time="0.004">
    <error message="element click intercepted: Element &lt;button type=&quot;button&quot; onclick=&quot;return total()&quot; class=&quot;btn btn-default&quot;&gt;...&lt;/button&gt; is not clickable at point (547, 908). Other element would receive the click: &lt;div id=&quot;at-cv-lightbox-inner&quot;&gt;...&lt;/div&gt;&#10;  (Session info: chrome=91.0.4472.101)&#10;Build info: version: &apos;3.141.59&apos;, revision: &apos;e82be7d358&apos;, time: &apos;2018-11-14T08:17:03&apos;&#10;System info: host: &apos;DESKTOP-UBNFFHD&apos;, ip: &apos;192.168.1.210&apos;, os.name: &apos;Windows 10&apos;, os.arch: &apos;amd64&apos;, os.version: &apos;10.0&apos;, java.version: &apos;15.0.1&apos;&#10;Driver info: org.openqa.selenium.chrome.ChromeDriver&#10;Capabilities {acceptInsecureCerts: false, browserName: chrome, browserVersion: 91.0.4472.101, chrome: {chromedriverVersion: 90.0.4430.24 (4c6d850f087da..., userDataDir: C:\Users\rahma\AppData\Loca...}, goog:chromeOptions: {debuggerAddress: localhost:56779}, javascriptEnabled: true, networkConnectionEnabled: false, pageLoadStrategy: normal, platform: WINDOWS, platformName: WINDOWS, proxy: Proxy(), setWindowRect: true, strictFileInteractability: false, timeouts: {implicit: 0, pageLoad: 300000, script: 30000}, unhandledPromptBehavior: dismiss and notify, webauthn:extension:largeBlob: true, webauthn:virtualAuthenticators: true}&#10;Session ID: f39d8ab5baf9086b7909d2f46f0282ea" type="org.openqa.selenium.ElementClickInterceptedException"><![CDATA[org.openqa.selenium.ElementClickInterceptedException: 
element click intercepted: Element <button type="button" onclick="return total()" class="btn btn-default">...</button> is not clickable at point (547, 908). Other element would receive the click: <div id="at-cv-lightbox-inner">...</div>
  (Session info: chrome=91.0.4472.101)
Build info: version: '3.141.59', revision: 'e82be7d358', time: '2018-11-14T08:17:03'
System info: host: 'DESKTOP-UBNFFHD', ip: '192.168.1.210', os.name: 'Windows 10', os.arch: 'amd64', os.version: '10.0', java.version: '15.0.1'
Driver info: org.openqa.selenium.chrome.ChromeDriver
Capabilities {acceptInsecureCerts: false, browserName: chrome, browserVersion: 91.0.4472.101, chrome: {chromedriverVersion: 90.0.4430.24 (4c6d850f087da..., userDataDir: C:\Users\rahma\AppData\Loca...}, goog:chromeOptions: {debuggerAddress: localhost:56779}, javascriptEnabled: true, networkConnectionEnabled: false, pageLoadStrategy: normal, platform: WINDOWS, platformName: WINDOWS, proxy: Proxy(), setWindowRect: true, strictFileInteractability: false, timeouts: {implicit: 0, pageLoad: 300000, script: 30000}, unhandledPromptBehavior: dismiss and notify, webauthn:extension:largeBlob: true, webauthn:virtualAuthenticators: true}
Session ID: f39d8ab5baf9086b7909d2f46f0282ea
]]></error>
  </testcase>
  <testcase name="Then User Validate the Total of a and b being displayed correctly" classname="Scenario: Verify Single and Double Input Field Functionalities" time="0">
    <skipped/>
  </testcase>
</testsuite>