<?xml version="1.0" encoding="UTF-8"?>
<testsuite xmlns:xsi="http://www.w3.org/2001/XMLSchema-instance" xsi:noNamespaceSchemaLocation="https://maven.apache.org/surefire/maven-surefire-plugin/xsd/surefire-test-report.xsd" name="com.pftc.seleniumEasy.Runner" time="60.401" tests="18" errors="2" skipped="3" failures="0">
  <properties>
[...]
</properties>
  <testcase name="Given User Navigate to SeleniumEasy Test Home Page" classname="Scenario: Verify Single and and Multiple Checkbox Field functionality" time="0.004"/>
  <testcase name="When User Click on Input Forms hyperlink tab" classname="Scenario: Verify Single and and Multiple Checkbox Field functionality" time="0"/>
  <testcase name="Then User Click on Checkbox Demo linkText tab" classname="Scenario: Verify Single and and Multiple Checkbox Field functionality" time="0.015">
    <error type="java.lang.NullPointerException">java.lang.NullPointerException
</error>
  </testcase>
  <testcase name="Scenario: Verify Single and and Multiple Checkbox Field functionality" classname="Scenario: Verify Single and and Multiple Checkbox Field functionality" time="0.015">
    <error type="java.lang.NullPointerException">java.lang.NullPointerException
</error>
  </testcase>
  <testcase name="And User select Single Checkbox Demo radio button" classname="Scenario: Verify Single and and Multiple Checkbox Field functionality" time="0">
    <skipped/>
  </testcase>
  <testcase name="Then User click on the Check All button in Multiple Checkbox Demo section" classname="Scenario: Verify Single and and Multiple Checkbox Field functionality" time="0">
    <skipped/>
  </testcase>
  <testcase name="Then User validate the Check All message changed to Uncheck All button" classname="Scenario: Verify Single and and Multiple Checkbox Field functionality" time="0">
    <skipped/>
  </testcase>
  <testcase name="Given User Navigate to SeleniumEasy Test Home Page" classname="Scenario: Verify Single and Double Input Field Functionalities" time="0"/>
  <testcase name="When User Click on Input Forms hyperlink tab" classname="Scenario: Verify Single and Double Input Field Functionalities" time="0"/>
  <testcase name="Then User Click on  Simple form Demo Hyperlink Test" classname="Scenario: Verify Single and Double Input Field Functionalities" time="0"/>
  <testcase name="Then User Enter a message in the Enter message text box" classname="Scenario: Verify Single and Double Input Field Functionalities" time="0.001"/>
  <testcase name="And User Click on Show Message Button" classname="Scenario: Verify Single and Double Input Field Functionalities" time="0"/>
  <testcase name="Then User Validate the Message is been displayed in the Your Message section" classname="Scenario: Verify Single and Double Input Field Functionalities" time="0"/>
  <testcase name="Then User Enter a integer value in the Enter a text box" classname="Scenario: Verify Single and Double Input Field Functionalities" time="0"/>
  <testcase name="And User Enter 2nd integer value in the Enter b text box" classname="Scenario: Verify Single and Double Input Field Functionalities" time="0"/>
  <testcase name="Then User Click on the Get Total button" classname="Scenario: Verify Single and Double Input Field Functionalities" time="0"/>
  <testcase name="Then User Validate the Total of a and b being displayed correctly" classname="Scenario: Verify Single and Double Input Field Functionalities" time="0"/>
  <testcase name="Scenario: Verify Single and Double Input Field Functionalities" classname="Scenario: Verify Single and Double Input Field Functionalities" time="5.151"/>
</testsuite>